==============================================================================
Suites                                                                        
==============================================================================
Suites.Forloop                                                                
==============================================================================
Forloop1                                                              1
2
3
4
5
6
7
8
9
10
11
| PASS |
------------------------------------------------------------------------------
Forloop2                                                              1
2
3
4
5
6
7
8
| PASS |
------------------------------------------------------------------------------
Forloop3withlist                                                      1
2
3
4
5
| PASS |
------------------------------------------------------------------------------
Forloop4                                                              john
david
charan
kartheek
budama
avyukth
suvchay
| PASS |
------------------------------------------------------------------------------
Forloop5                                                              john
david
charan
kartheek
budama
avyukth
suvchay
| PASS |
------------------------------------------------------------------------------
Forloop6withexit                                                      1
2
| PASS |
------------------------------------------------------------------------------
Suites.Forloop                                                        | PASS |
6 critical tests, 6 passed, 0 failed
6 tests total, 6 passed, 0 failed
==============================================================================
Suites                                                                | PASS |
6 critical tests, 6 passed, 0 failed
6 tests total, 6 passed, 0 failed
==============================================================================
Output:  C:\Users\chara\PycharmProjects\sample\pabot_results\7\output.xml
